<?xml version="1.0" encoding="UTF-8"?>
<!-- Generated by org.testng.reporters.JUnitXMLReporter -->
<testsuite ignored="0" hostname="VIRAL" failures="2" tests="4" name="AndroiTest" time="162.119" errors="0" timestamp="2024-05-22T15:36:13 EDT">
  <testcase classname="org.androidApp.eCommerce_TC_1" name="FillFormWithoutNameField" time="1.457">
    <failure type="java.lang.IllegalArgumentException" message="Keys to send should be a not null CharSequence">
      <![CDATA[java.lang.IllegalArgumentException: Keys to send should be a not null CharSequence
at org.openqa.selenium.remote.RemoteWebElement.sendKeys(RemoteWebElement.java:96)
at io.appium.java_client.pagefactory.ElementInterceptor.getObject(ElementInterceptor.java:42)
at io.appium.java_client.pagefactory.interceptors.InterceptorOfASingleElement.call(InterceptorOfASingleElement.java:79)
at io.appium.java_client.proxy.Interceptor.intercept(Interceptor.java:78)
at org.openqa.selenium.remote.RemoteWebElement$ByteBuddy$zmM2EUqT.sendKeys(Unknown Source)
at org.PageObject.Android.FormPage.setNameField(FormPage.java:65)
at org.androidApp.eCommerce_TC_1.FillFormWithoutNameField(eCommerce_TC_1.java:52)
at java.base/java.util.ArrayList.forEach(ArrayList.java:1511)
... Removed 31 stack frames]]>
    </failure>
  </testcase> <!-- FillFormWithoutNameField -->
  <testcase classname="org.androidApp.eCommerce_TC_1" name="FillFormWithoutNameField" time="0.746">
    <failure type="java.lang.IllegalArgumentException" message="Keys to send should be a not null CharSequence">
      <![CDATA[java.lang.IllegalArgumentException: Keys to send should be a not null CharSequence
at org.openqa.selenium.remote.RemoteWebElement.sendKeys(RemoteWebElement.java:96)
at io.appium.java_client.pagefactory.ElementInterceptor.getObject(ElementInterceptor.java:42)
at io.appium.java_client.pagefactory.interceptors.InterceptorOfASingleElement.call(InterceptorOfASingleElement.java:79)
at io.appium.java_client.proxy.Interceptor.intercept(Interceptor.java:78)
at org.openqa.selenium.remote.RemoteWebElement$ByteBuddy$zmM2EUqT.sendKeys(Unknown Source)
at org.PageObject.Android.FormPage.setNameField(FormPage.java:65)
at org.androidApp.eCommerce_TC_1.FillFormWithoutNameField(eCommerce_TC_1.java:52)
at java.base/java.util.ArrayList.forEach(ArrayList.java:1511)
... Removed 31 stack frames]]>
    </failure>
  </testcase> <!-- FillFormWithoutNameField -->
  <testcase classname="org.androidApp.eCommerce_TC_1" name="FillFormWithNameField" time="71.933"/>
  <testcase classname="org.androidApp.eCommerce_TC_1" name="FillFormWithNameField" time="76.116"/>
</testsuite> <!-- AndroiTest -->
