<?xml version="1.0" encoding="UTF-8"?>
<!-- Generated by org.testng.reporters.JUnitXMLReporter -->
<testsuite ignored="1" hostname="VIRAL" failures="2" tests="2" name="AndroiTest" time="26.667" errors="0" timestamp="2024-05-23T14:20:49 EDT">
  <testcase classname="org.androidApp.eCommerce_TC_1" name="FillFormWithNameField" time="13.314">
    <failure type="org.openqa.selenium.NoSuchElementException" message="An element could not be located on the page using the given search parameters.
For documentation on this error, please visit: https://www.selenium.dev/documentation/webdriver/troubleshooting/errors#no-such-element-exception
Build info: version: &amp;apos;4.21.0&amp;apos;, revision: &amp;apos;79ed462ef4&amp;apos;
System info: os.name: &amp;apos;Windows 10&amp;apos;, os.arch: &amp;apos;amd64&amp;apos;, os.version: &amp;apos;10.0&amp;apos;, java.version: &amp;apos;17.0.7&amp;apos;
Driver info: io.appium.java_client.android.AndroidDriver
Command: [a89a8317-7dfa-40a2-8b34-2d58b7c2680b, findElement {using=-android uiautomator, value=new UiScrollable(new UiSelector()).scrollIntoView(text(&amp;quot;Canada&amp;quot;));}]
Capabilities {appium:app: E:\Sapna\Automation\AppiumP..., appium:appPackage: com.androidsample.generalstore, appium:automationName: UIAutomator2, appium:chromedriverExecutable: E:\Sapna\Automation\AppiumP..., appium:databaseEnabled: false, appium:desired: {app: E:\Sapna\Automation\AppiumP..., automationName: UIAutomator2, chromedriverExecutable: E:\Sapna\Automation\AppiumP..., deviceName: SapnaEmulator, platformName: ANDROID}, appium:deviceApiLevel: 31, appium:deviceManufacturer: Google, appium:deviceModel: sdk_gphone64_x86_64, appium:deviceName: emulator-5554, appium:deviceScreenDensity: 560, appium:deviceScreenSize: 1440x2880, appium:deviceUDID: emulator-5554, appium:javascriptEnabled: true, appium:locationContextEnabled: false, appium:networkConnectionEnabled: true, appium:pixelRatio: 3.5, appium:platformVersion: 12, appium:statBarHeight: 98, appium:takesScreenshot: true, appium:viewportRect: {height: 2782, left: 0, top: 98, width: 1440}, appium:warnings: {}, appium:webStorageEnabled: false, platformName: ANDROID}
Session ID: a89a8317-7dfa-40a2-8b34-2d58b7c2680b">
      <![CDATA[org.openqa.selenium.NoSuchElementException: An element could not be located on the page using the given search parameters.
For documentation on this error, please visit: https://www.selenium.dev/documentation/webdriver/troubleshooting/errors#no-such-element-exception
Build info: version: '4.21.0', revision: '79ed462ef4'
System info: os.name: 'Windows 10', os.arch: 'amd64', os.version: '10.0', java.version: '17.0.7'
Driver info: io.appium.java_client.android.AndroidDriver
Command: [a89a8317-7dfa-40a2-8b34-2d58b7c2680b, findElement {using=-android uiautomator, value=new UiScrollable(new UiSelector()).scrollIntoView(text("Canada"));}]
Capabilities {appium:app: E:\Sapna\Automation\AppiumP..., appium:appPackage: com.androidsample.generalstore, appium:automationName: UIAutomator2, appium:chromedriverExecutable: E:\Sapna\Automation\AppiumP..., appium:databaseEnabled: false, appium:desired: {app: E:\Sapna\Automation\AppiumP..., automationName: UIAutomator2, chromedriverExecutable: E:\Sapna\Automation\AppiumP..., deviceName: SapnaEmulator, platformName: ANDROID}, appium:deviceApiLevel: 31, appium:deviceManufacturer: Google, appium:deviceModel: sdk_gphone64_x86_64, appium:deviceName: emulator-5554, appium:deviceScreenDensity: 560, appium:deviceScreenSize: 1440x2880, appium:deviceUDID: emulator-5554, appium:javascriptEnabled: true, appium:locationContextEnabled: false, appium:networkConnectionEnabled: true, appium:pixelRatio: 3.5, appium:platformVersion: 12, appium:statBarHeight: 98, appium:takesScreenshot: true, appium:viewportRect: {height: 2782, left: 0, top: 98, width: 1440}, appium:warnings: {}, appium:webStorageEnabled: false, platformName: ANDROID}
Session ID: a89a8317-7dfa-40a2-8b34-2d58b7c2680b
at org.openqa.selenium.remote.ErrorCodec.decode(ErrorCodec.java:167)
at org.openqa.selenium.remote.codec.w3c.W3CHttpResponseCodec.decode(W3CHttpResponseCodec.java:138)
at org.openqa.selenium.remote.codec.w3c.W3CHttpResponseCodec.decode(W3CHttpResponseCodec.java:50)
at org.openqa.selenium.remote.HttpCommandExecutor.execute(HttpCommandExecutor.java:190)
at io.appium.java_client.remote.AppiumCommandExecutor.execute(AppiumCommandExecutor.java:237)
at org.openqa.selenium.remote.RemoteWebDriver.execute(RemoteWebDriver.java:518)
at org.openqa.selenium.remote.ElementLocation$ElementFinder$2.findElement(ElementLocation.java:165)
at org.openqa.selenium.remote.ElementLocation.findElement(ElementLocation.java:66)
at org.openqa.selenium.remote.RemoteWebDriver.findElement(RemoteWebDriver.java:355)
at org.openqa.selenium.remote.RemoteWebDriver.findElement(RemoteWebDriver.java:349)
at org.Utils.AndroidActions.ScrollToText(AndroidActions.java:40)
at org.PageObject.Android.FormPage.setCountrySelection(FormPage.java:79)
at org.androidApp.eCommerce_TC_1.FillFormWithNameField(eCommerce_TC_1.java:67)
at java.base/java.util.ArrayList.forEach(ArrayList.java:1511)
... Removed 36 stack frames]]>
    </failure>
  </testcase> <!-- FillFormWithNameField -->
  <testcase classname="org.androidApp.eCommerce_TC_1" name="FillFormWithNameField" time="0.769">
    <failure type="org.openqa.selenium.StaleElementReferenceException" message="androidx.test.uiautomator.StaleObjectException
For documentation on this error, please visit: https://www.selenium.dev/documentation/webdriver/troubleshooting/errors#stale-element-reference-exception
Build info: version: &amp;apos;4.21.0&amp;apos;, revision: &amp;apos;79ed462ef4&amp;apos;
System info: os.name: &amp;apos;Windows 10&amp;apos;, os.arch: &amp;apos;amd64&amp;apos;, os.version: &amp;apos;10.0&amp;apos;, java.version: &amp;apos;17.0.7&amp;apos;
Driver info: io.appium.java_client.android.AndroidDriver
Command: [a89a8317-7dfa-40a2-8b34-2d58b7c2680b, clickElement {id=00000000-0000-018a-ffff-ffff0000004d}]
Capabilities {appium:app: E:\Sapna\Automation\AppiumP..., appium:appPackage: com.androidsample.generalstore, appium:automationName: UIAutomator2, appium:chromedriverExecutable: E:\Sapna\Automation\AppiumP..., appium:databaseEnabled: false, appium:desired: {app: E:\Sapna\Automation\AppiumP..., automationName: UIAutomator2, chromedriverExecutable: E:\Sapna\Automation\AppiumP..., deviceName: SapnaEmulator, platformName: ANDROID}, appium:deviceApiLevel: 31, appium:deviceManufacturer: Google, appium:deviceModel: sdk_gphone64_x86_64, appium:deviceName: emulator-5554, appium:deviceScreenDensity: 560, appium:deviceScreenSize: 1440x2880, appium:deviceUDID: emulator-5554, appium:javascriptEnabled: true, appium:locationContextEnabled: false, appium:networkConnectionEnabled: true, appium:pixelRatio: 3.5, appium:platformVersion: 12, appium:statBarHeight: 98, appium:takesScreenshot: true, appium:viewportRect: {height: 2782, left: 0, top: 98, width: 1440}, appium:warnings: {}, appium:webStorageEnabled: false, platformName: ANDROID}
Element: [[AndroidDriver:  on ANDROID (a89a8317-7dfa-40a2-8b34-2d58b7c2680b)] -&amp;gt; id: android:id/text1]
Session ID: a89a8317-7dfa-40a2-8b34-2d58b7c2680b">
      <![CDATA[org.openqa.selenium.StaleElementReferenceException: androidx.test.uiautomator.StaleObjectException
For documentation on this error, please visit: https://www.selenium.dev/documentation/webdriver/troubleshooting/errors#stale-element-reference-exception
Build info: version: '4.21.0', revision: '79ed462ef4'
System info: os.name: 'Windows 10', os.arch: 'amd64', os.version: '10.0', java.version: '17.0.7'
Driver info: io.appium.java_client.android.AndroidDriver
Command: [a89a8317-7dfa-40a2-8b34-2d58b7c2680b, clickElement {id=00000000-0000-018a-ffff-ffff0000004d}]
Capabilities {appium:app: E:\Sapna\Automation\AppiumP..., appium:appPackage: com.androidsample.generalstore, appium:automationName: UIAutomator2, appium:chromedriverExecutable: E:\Sapna\Automation\AppiumP..., appium:databaseEnabled: false, appium:desired: {app: E:\Sapna\Automation\AppiumP..., automationName: UIAutomator2, chromedriverExecutable: E:\Sapna\Automation\AppiumP..., deviceName: SapnaEmulator, platformName: ANDROID}, appium:deviceApiLevel: 31, appium:deviceManufacturer: Google, appium:deviceModel: sdk_gphone64_x86_64, appium:deviceName: emulator-5554, appium:deviceScreenDensity: 560, appium:deviceScreenSize: 1440x2880, appium:deviceUDID: emulator-5554, appium:javascriptEnabled: true, appium:locationContextEnabled: false, appium:networkConnectionEnabled: true, appium:pixelRatio: 3.5, appium:platformVersion: 12, appium:statBarHeight: 98, appium:takesScreenshot: true, appium:viewportRect: {height: 2782, left: 0, top: 98, width: 1440}, appium:warnings: {}, appium:webStorageEnabled: false, platformName: ANDROID}
Element: [[AndroidDriver:  on ANDROID (a89a8317-7dfa-40a2-8b34-2d58b7c2680b)] -> id: android:id/text1]
Session ID: a89a8317-7dfa-40a2-8b34-2d58b7c2680b
at org.openqa.selenium.remote.ErrorCodec.decode(ErrorCodec.java:167)
at org.openqa.selenium.remote.codec.w3c.W3CHttpResponseCodec.decode(W3CHttpResponseCodec.java:138)
at org.openqa.selenium.remote.codec.w3c.W3CHttpResponseCodec.decode(W3CHttpResponseCodec.java:50)
at org.openqa.selenium.remote.HttpCommandExecutor.execute(HttpCommandExecutor.java:190)
at io.appium.java_client.remote.AppiumCommandExecutor.execute(AppiumCommandExecutor.java:237)
at org.openqa.selenium.remote.RemoteWebDriver.execute(RemoteWebDriver.java:518)
at org.openqa.selenium.remote.RemoteWebElement.execute(RemoteWebElement.java:223)
at org.openqa.selenium.remote.RemoteWebElement.click(RemoteWebElement.java:76)
at io.appium.java_client.pagefactory.ElementInterceptor.getObject(ElementInterceptor.java:42)
at io.appium.java_client.pagefactory.interceptors.InterceptorOfASingleElement.call(InterceptorOfASingleElement.java:79)
at io.appium.java_client.proxy.Interceptor.intercept(Interceptor.java:78)
at org.openqa.selenium.remote.RemoteWebElement$ByteBuddy$4sfi0Sg4.click(Unknown Source)
at org.PageObject.Android.FormPage.setCountrySelection(FormPage.java:78)
at org.androidApp.eCommerce_TC_1.FillFormWithNameField(eCommerce_TC_1.java:67)
at java.base/java.util.ArrayList.forEach(ArrayList.java:1511)
... Removed 40 stack frames]]>
    </failure>
  </testcase> <!-- FillFormWithNameField -->
  <testcase classname="org.androidApp.eCommerce_TC_1" name="FillFormWithoutNameField" time="0.0">
    <ignored/>
  </testcase> <!-- FillFormWithoutNameField -->
</testsuite> <!-- AndroiTest -->
